<?xml version="1.0" encoding="UTF-8"?>
<testsuite xmlns:xsi="http://www.w3.org/2001/XMLSchema-instance" xsi:noNamespaceSchemaLocation="https://maven.apache.org/surefire/maven-surefire-plugin/xsd/surefire-test-report.xsd" name="edu.jhu.bdpuh.MovieItemTest" time="0.049" tests="1" errors="0" skipped="0" failures="0">
  <properties>
    <property name="sun.desktop" value="gnome"/>
    <property name="awt.toolkit" value="sun.awt.X11.XToolkit"/>
    <property name="file.encoding.pkg" value="sun.io"/>
    <property name="java.specification.version" value="1.8"/>
    <property name="sun.cpu.isalist" value=""/>
    <property name="sun.jnu.encoding" value="UTF-8"/>
    <property name="java.class.path" value="/home/hdadmin/programming/hw/mapred-hbase/target/test-classes:/home/hdadmin/programming/hw/mapred-hbase/target/classes:/home/hdadmin/.m2/repository/junit/junit/4.11/junit-4.11.jar:/home/hdadmin/.m2/repository/org/hamcrest/hamcrest-core/1.3/hamcrest-core-1.3.jar:/home/hdadmin/.m2/repository/org/apache/hbase/hbase-client/1.2.11/hbase-client-1.2.11.jar:/home/hdadmin/.m2/repository/org/apache/hbase/hbase-annotations/1.2.11/hbase-annotations-1.2.11.jar:/home/hdadmin/.m2/repository/com/github/stephenc/findbugs/findbugs-annotations/1.3.9-1/findbugs-annotations-1.3.9-1.jar:/home/hdadmin/.m2/repository/org/apache/hbase/hbase-common/1.2.11/hbase-common-1.2.11.jar:/home/hdadmin/.m2/repository/org/apache/hbase/hbase-protocol/1.2.11/hbase-protocol-1.2.11.jar:/home/hdadmin/.m2/repository/commons-codec/commons-codec/1.9/commons-codec-1.9.jar:/home/hdadmin/.m2/repository/commons-io/commons-io/2.4/commons-io-2.4.jar:/home/hdadmin/.m2/repository/commons-lang/commons-lang/2.6/commons-lang-2.6.jar:/home/hdadmin/.m2/repository/commons-logging/commons-logging/1.2/commons-logging-1.2.jar:/home/hdadmin/.m2/repository/com/google/guava/guava/12.0.1/guava-12.0.1.jar:/home/hdadmin/.m2/repository/com/google/protobuf/protobuf-java/2.5.0/protobuf-java-2.5.0.jar:/home/hdadmin/.m2/repository/io/netty/netty-all/4.0.50.Final/netty-all-4.0.50.Final.jar:/home/hdadmin/.m2/repository/org/apache/zookeeper/zookeeper/3.4.6/zookeeper-3.4.6.jar:/home/hdadmin/.m2/repository/org/slf4j/slf4j-api/1.6.1/slf4j-api-1.6.1.jar:/home/hdadmin/.m2/repository/org/slf4j/slf4j-log4j12/1.6.1/slf4j-log4j12-1.6.1.jar:/home/hdadmin/.m2/repository/org/apache/htrace/htrace-core/3.1.0-incubating/htrace-core-3.1.0-incubating.jar:/home/hdadmin/.m2/repository/org/codehaus/jackson/jackson-mapper-asl/1.9.13/jackson-mapper-asl-1.9.13.jar:/home/hdadmin/.m2/repository/org/jruby/jcodings/jcodings/1.0.8/jcodings-1.0.8.jar:/home/hdadmin/.m2/repository/org/jruby/joni/joni/2.1.2/joni-2.1.2.jar:/home/hdadmin/.m2/repository/com/yammer/metrics/metrics-core/2.2.0/metrics-core-2.2.0.jar:/home/hdadmin/.m2/repository/org/apache/hadoop/hadoop-auth/2.5.1/hadoop-auth-2.5.1.jar:/home/hdadmin/.m2/repository/org/apache/httpcomponents/httpclient/4.2.5/httpclient-4.2.5.jar:/home/hdadmin/.m2/repository/org/apache/httpcomponents/httpcore/4.2.4/httpcore-4.2.4.jar:/home/hdadmin/.m2/repository/org/apache/directory/server/apacheds-kerberos-codec/2.0.0-M15/apacheds-kerberos-codec-2.0.0-M15.jar:/home/hdadmin/.m2/repository/org/apache/directory/server/apacheds-i18n/2.0.0-M15/apacheds-i18n-2.0.0-M15.jar:/home/hdadmin/.m2/repository/org/apache/directory/api/api-asn1-api/1.0.0-M20/api-asn1-api-1.0.0-M20.jar:/home/hdadmin/.m2/repository/org/apache/directory/api/api-util/1.0.0-M20/api-util-1.0.0-M20.jar:/home/hdadmin/.m2/repository/org/apache/hadoop/hadoop-common/2.5.1/hadoop-common-2.5.1.jar:/home/hdadmin/.m2/repository/org/apache/hadoop/hadoop-annotations/2.5.1/hadoop-annotations-2.5.1.jar:/usr/lib/jvm/java-1.8.0-openjdk-1.8.0.191.b12-1.el7_6.x86_64/jre/../lib/tools.jar:/home/hdadmin/.m2/repository/org/apache/commons/commons-math3/3.1.1/commons-math3-3.1.1.jar:/home/hdadmin/.m2/repository/xmlenc/xmlenc/0.52/xmlenc-0.52.jar:/home/hdadmin/.m2/repository/commons-net/commons-net/3.1/commons-net-3.1.jar:/home/hdadmin/.m2/repository/commons-el/commons-el/1.0/commons-el-1.0.jar:/home/hdadmin/.m2/repository/commons-configuration/commons-configuration/1.6/commons-configuration-1.6.jar:/home/hdadmin/.m2/repository/commons-digester/commons-digester/1.8/commons-digester-1.8.jar:/home/hdadmin/.m2/repository/commons-beanutils/commons-beanutils/1.7.0/commons-beanutils-1.7.0.jar:/home/hdadmin/.m2/repository/commons-beanutils/commons-beanutils-core/1.8.0/commons-beanutils-core-1.8.0.jar:/home/hdadmin/.m2/repository/org/apache/avro/avro/1.7.4/avro-1.7.4.jar:/home/hdadmin/.m2/repository/com/thoughtworks/paranamer/paranamer/2.3/paranamer-2.3.jar:/home/hdadmin/.m2/repository/org/xerial/snappy/snappy-java/1.0.4.1/snappy-java-1.0.4.1.jar:/home/hdadmin/.m2/repository/com/jcraft/jsch/0.1.42/jsch-0.1.42.jar:/home/hdadmin/.m2/repository/com/google/code/findbugs/jsr305/1.3.9/jsr305-1.3.9.jar:/home/hdadmin/.m2/repository/org/apache/commons/commons-compress/1.4.1/commons-compress-1.4.1.jar:/home/hdadmin/.m2/repository/org/tukaani/xz/1.0/xz-1.0.jar:/home/hdadmin/.m2/repository/org/apache/hadoop/hadoop-mapreduce-client-core/2.5.1/hadoop-mapreduce-client-core-2.5.1.jar:/home/hdadmin/.m2/repository/org/apache/hadoop/hadoop-yarn-common/2.5.1/hadoop-yarn-common-2.5.1.jar:/home/hdadmin/.m2/repository/javax/xml/bind/jaxb-api/2.2.2/jaxb-api-2.2.2.jar:/home/hdadmin/.m2/repository/javax/xml/stream/stax-api/1.0-2/stax-api-1.0-2.jar:/home/hdadmin/.m2/repository/javax/activation/activation/1.1/activation-1.1.jar:/home/hdadmin/.m2/repository/io/netty/netty/3.6.2.Final/netty-3.6.2.Final.jar:/home/hdadmin/.m2/repository/org/apache/hbase/hbase-server/1.2.11/hbase-server-1.2.11.jar:/home/hdadmin/.m2/repository/org/apache/hbase/hbase-procedure/1.2.11/hbase-procedure-1.2.11.jar:/home/hdadmin/.m2/repository/org/apache/hbase/hbase-common/1.2.11/hbase-common-1.2.11-tests.jar:/home/hdadmin/.m2/repository/org/apache/hbase/hbase-prefix-tree/1.2.11/hbase-prefix-tree-1.2.11.jar:/home/hdadmin/.m2/repository/commons-httpclient/commons-httpclient/3.1/commons-httpclient-3.1.jar:/home/hdadmin/.m2/repository/commons-collections/commons-collections/3.2.2/commons-collections-3.2.2.jar:/home/hdadmin/.m2/repository/org/apache/hbase/hbase-hadoop-compat/1.2.11/hbase-hadoop-compat-1.2.11.jar:/home/hdadmin/.m2/repository/org/apache/hbase/hbase-hadoop2-compat/1.2.11/hbase-hadoop2-compat-1.2.11.jar:/home/hdadmin/.m2/repository/com/sun/jersey/jersey-core/1.9/jersey-core-1.9.jar:/home/hdadmin/.m2/repository/com/sun/jersey/jersey-server/1.9/jersey-server-1.9.jar:/home/hdadmin/.m2/repository/asm/asm/3.1/asm-3.1.jar:/home/hdadmin/.m2/repository/commons-cli/commons-cli/1.2/commons-cli-1.2.jar:/home/hdadmin/.m2/repository/org/apache/commons/commons-math/2.2/commons-math-2.2.jar:/home/hdadmin/.m2/repository/log4j/log4j/1.2.17/log4j-1.2.17.jar:/home/hdadmin/.m2/repository/org/mortbay/jetty/jetty/6.1.26/jetty-6.1.26.jar:/home/hdadmin/.m2/repository/org/mortbay/jetty/jetty-util/6.1.26/jetty-util-6.1.26.jar:/home/hdadmin/.m2/repository/org/mortbay/jetty/jetty-sslengine/6.1.26/jetty-sslengine-6.1.26.jar:/home/hdadmin/.m2/repository/org/mortbay/jetty/jsp-2.1/6.1.14/jsp-2.1-6.1.14.jar:/home/hdadmin/.m2/repository/org/mortbay/jetty/jsp-api-2.1/6.1.14/jsp-api-2.1-6.1.14.jar:/home/hdadmin/.m2/repository/org/mortbay/jetty/servlet-api-2.5/6.1.14/servlet-api-2.5-6.1.14.jar:/home/hdadmin/.m2/repository/org/codehaus/jackson/jackson-core-asl/1.9.13/jackson-core-asl-1.9.13.jar:/home/hdadmin/.m2/repository/org/codehaus/jackson/jackson-jaxrs/1.9.13/jackson-jaxrs-1.9.13.jar:/home/hdadmin/.m2/repository/tomcat/jasper-compiler/5.5.23/jasper-compiler-5.5.23.jar:/home/hdadmin/.m2/repository/tomcat/jasper-runtime/5.5.23/jasper-runtime-5.5.23.jar:/home/hdadmin/.m2/repository/org/jamon/jamon-runtime/2.4.1/jamon-runtime-2.4.1.jar:/home/hdadmin/.m2/repository/com/lmax/disruptor/3.3.0/disruptor-3.3.0.jar:/home/hdadmin/.m2/repository/org/apache/hadoop/hadoop-client/2.5.1/hadoop-client-2.5.1.jar:/home/hdadmin/.m2/repository/org/apache/hadoop/hadoop-mapreduce-client-app/2.5.1/hadoop-mapreduce-client-app-2.5.1.jar:/home/hdadmin/.m2/repository/org/apache/hadoop/hadoop-mapreduce-client-common/2.5.1/hadoop-mapreduce-client-common-2.5.1.jar:/home/hdadmin/.m2/repository/org/apache/hadoop/hadoop-yarn-client/2.5.1/hadoop-yarn-client-2.5.1.jar:/home/hdadmin/.m2/repository/com/sun/jersey/jersey-client/1.9/jersey-client-1.9.jar:/home/hdadmin/.m2/repository/org/apache/hadoop/hadoop-yarn-server-common/2.5.1/hadoop-yarn-server-common-2.5.1.jar:/home/hdadmin/.m2/repository/org/apache/hadoop/hadoop-mapreduce-client-shuffle/2.5.1/hadoop-mapreduce-client-shuffle-2.5.1.jar:/home/hdadmin/.m2/repository/org/fusesource/leveldbjni/leveldbjni-all/1.8/leveldbjni-all-1.8.jar:/home/hdadmin/.m2/repository/org/apache/hadoop/hadoop-yarn-api/2.5.1/hadoop-yarn-api-2.5.1.jar:/home/hdadmin/.m2/repository/org/apache/hadoop/hadoop-mapreduce-client-jobclient/2.5.1/hadoop-mapreduce-client-jobclient-2.5.1.jar:/home/hdadmin/.m2/repository/org/apache/hadoop/hadoop-hdfs/2.5.1/hadoop-hdfs-2.5.1.jar:/home/hdadmin/.m2/repository/commons-daemon/commons-daemon/1.0.13/commons-daemon-1.0.13.jar:"/>
    <property name="java.vm.vendor" value="Oracle Corporation"/>
    <property name="sun.arch.data.model" value="64"/>
    <property name="java.vendor.url" value="http://java.oracle.com/"/>
    <property name="user.timezone" value=""/>
    <property name="java.vm.specification.version" value="1.8"/>
    <property name="os.name" value="Linux"/>
    <property name="user.country" value="US"/>
    <property name="sun.java.launcher" value="SUN_STANDARD"/>
    <property name="sun.boot.library.path" value="/usr/lib/jvm/java-1.8.0-openjdk-1.8.0.191.b12-1.el7_6.x86_64/jre/lib/amd64"/>
    <property name="sun.java.command" value="/home/hdadmin/programming/hw/mapred-hbase/target/surefire/surefirebooter1480103623907841808.jar /home/hdadmin/programming/hw/mapred-hbase/target/surefire 2019-04-21T20-29-21_172-jvmRun1 surefire4103851952033474089tmp surefire_0757090203756199915tmp"/>
    <property name="surefire.test.class.path" value="/home/hdadmin/programming/hw/mapred-hbase/target/test-classes:/home/hdadmin/programming/hw/mapred-hbase/target/classes:/home/hdadmin/.m2/repository/junit/junit/4.11/junit-4.11.jar:/home/hdadmin/.m2/repository/org/hamcrest/hamcrest-core/1.3/hamcrest-core-1.3.jar:/home/hdadmin/.m2/repository/org/apache/hbase/hbase-client/1.2.11/hbase-client-1.2.11.jar:/home/hdadmin/.m2/repository/org/apache/hbase/hbase-annotations/1.2.11/hbase-annotations-1.2.11.jar:/home/hdadmin/.m2/repository/com/github/stephenc/findbugs/findbugs-annotations/1.3.9-1/findbugs-annotations-1.3.9-1.jar:/home/hdadmin/.m2/repository/org/apache/hbase/hbase-common/1.2.11/hbase-common-1.2.11.jar:/home/hdadmin/.m2/repository/org/apache/hbase/hbase-protocol/1.2.11/hbase-protocol-1.2.11.jar:/home/hdadmin/.m2/repository/commons-codec/commons-codec/1.9/commons-codec-1.9.jar:/home/hdadmin/.m2/repository/commons-io/commons-io/2.4/commons-io-2.4.jar:/home/hdadmin/.m2/repository/commons-lang/commons-lang/2.6/commons-lang-2.6.jar:/home/hdadmin/.m2/repository/commons-logging/commons-logging/1.2/commons-logging-1.2.jar:/home/hdadmin/.m2/repository/com/google/guava/guava/12.0.1/guava-12.0.1.jar:/home/hdadmin/.m2/repository/com/google/protobuf/protobuf-java/2.5.0/protobuf-java-2.5.0.jar:/home/hdadmin/.m2/repository/io/netty/netty-all/4.0.50.Final/netty-all-4.0.50.Final.jar:/home/hdadmin/.m2/repository/org/apache/zookeeper/zookeeper/3.4.6/zookeeper-3.4.6.jar:/home/hdadmin/.m2/repository/org/slf4j/slf4j-api/1.6.1/slf4j-api-1.6.1.jar:/home/hdadmin/.m2/repository/org/slf4j/slf4j-log4j12/1.6.1/slf4j-log4j12-1.6.1.jar:/home/hdadmin/.m2/repository/org/apache/htrace/htrace-core/3.1.0-incubating/htrace-core-3.1.0-incubating.jar:/home/hdadmin/.m2/repository/org/codehaus/jackson/jackson-mapper-asl/1.9.13/jackson-mapper-asl-1.9.13.jar:/home/hdadmin/.m2/repository/org/jruby/jcodings/jcodings/1.0.8/jcodings-1.0.8.jar:/home/hdadmin/.m2/repository/org/jruby/joni/joni/2.1.2/joni-2.1.2.jar:/home/hdadmin/.m2/repository/com/yammer/metrics/metrics-core/2.2.0/metrics-core-2.2.0.jar:/home/hdadmin/.m2/repository/org/apache/hadoop/hadoop-auth/2.5.1/hadoop-auth-2.5.1.jar:/home/hdadmin/.m2/repository/org/apache/httpcomponents/httpclient/4.2.5/httpclient-4.2.5.jar:/home/hdadmin/.m2/repository/org/apache/httpcomponents/httpcore/4.2.4/httpcore-4.2.4.jar:/home/hdadmin/.m2/repository/org/apache/directory/server/apacheds-kerberos-codec/2.0.0-M15/apacheds-kerberos-codec-2.0.0-M15.jar:/home/hdadmin/.m2/repository/org/apache/directory/server/apacheds-i18n/2.0.0-M15/apacheds-i18n-2.0.0-M15.jar:/home/hdadmin/.m2/repository/org/apache/directory/api/api-asn1-api/1.0.0-M20/api-asn1-api-1.0.0-M20.jar:/home/hdadmin/.m2/repository/org/apache/directory/api/api-util/1.0.0-M20/api-util-1.0.0-M20.jar:/home/hdadmin/.m2/repository/org/apache/hadoop/hadoop-common/2.5.1/hadoop-common-2.5.1.jar:/home/hdadmin/.m2/repository/org/apache/hadoop/hadoop-annotations/2.5.1/hadoop-annotations-2.5.1.jar:/usr/lib/jvm/java-1.8.0-openjdk-1.8.0.191.b12-1.el7_6.x86_64/jre/../lib/tools.jar:/home/hdadmin/.m2/repository/org/apache/commons/commons-math3/3.1.1/commons-math3-3.1.1.jar:/home/hdadmin/.m2/repository/xmlenc/xmlenc/0.52/xmlenc-0.52.jar:/home/hdadmin/.m2/repository/commons-net/commons-net/3.1/commons-net-3.1.jar:/home/hdadmin/.m2/repository/commons-el/commons-el/1.0/commons-el-1.0.jar:/home/hdadmin/.m2/repository/commons-configuration/commons-configuration/1.6/commons-configuration-1.6.jar:/home/hdadmin/.m2/repository/commons-digester/commons-digester/1.8/commons-digester-1.8.jar:/home/hdadmin/.m2/repository/commons-beanutils/commons-beanutils/1.7.0/commons-beanutils-1.7.0.jar:/home/hdadmin/.m2/repository/commons-beanutils/commons-beanutils-core/1.8.0/commons-beanutils-core-1.8.0.jar:/home/hdadmin/.m2/repository/org/apache/avro/avro/1.7.4/avro-1.7.4.jar:/home/hdadmin/.m2/repository/com/thoughtworks/paranamer/paranamer/2.3/paranamer-2.3.jar:/home/hdadmin/.m2/repository/org/xerial/snappy/snappy-java/1.0.4.1/snappy-java-1.0.4.1.jar:/home/hdadmin/.m2/repository/com/jcraft/jsch/0.1.42/jsch-0.1.42.jar:/home/hdadmin/.m2/repository/com/google/code/findbugs/jsr305/1.3.9/jsr305-1.3.9.jar:/home/hdadmin/.m2/repository/org/apache/commons/commons-compress/1.4.1/commons-compress-1.4.1.jar:/home/hdadmin/.m2/repository/org/tukaani/xz/1.0/xz-1.0.jar:/home/hdadmin/.m2/repository/org/apache/hadoop/hadoop-mapreduce-client-core/2.5.1/hadoop-mapreduce-client-core-2.5.1.jar:/home/hdadmin/.m2/repository/org/apache/hadoop/hadoop-yarn-common/2.5.1/hadoop-yarn-common-2.5.1.jar:/home/hdadmin/.m2/repository/javax/xml/bind/jaxb-api/2.2.2/jaxb-api-2.2.2.jar:/home/hdadmin/.m2/repository/javax/xml/stream/stax-api/1.0-2/stax-api-1.0-2.jar:/home/hdadmin/.m2/repository/javax/activation/activation/1.1/activation-1.1.jar:/home/hdadmin/.m2/repository/io/netty/netty/3.6.2.Final/netty-3.6.2.Final.jar:/home/hdadmin/.m2/repository/org/apache/hbase/hbase-server/1.2.11/hbase-server-1.2.11.jar:/home/hdadmin/.m2/repository/org/apache/hbase/hbase-procedure/1.2.11/hbase-procedure-1.2.11.jar:/home/hdadmin/.m2/repository/org/apache/hbase/hbase-common/1.2.11/hbase-common-1.2.11-tests.jar:/home/hdadmin/.m2/repository/org/apache/hbase/hbase-prefix-tree/1.2.11/hbase-prefix-tree-1.2.11.jar:/home/hdadmin/.m2/repository/commons-httpclient/commons-httpclient/3.1/commons-httpclient-3.1.jar:/home/hdadmin/.m2/repository/commons-collections/commons-collections/3.2.2/commons-collections-3.2.2.jar:/home/hdadmin/.m2/repository/org/apache/hbase/hbase-hadoop-compat/1.2.11/hbase-hadoop-compat-1.2.11.jar:/home/hdadmin/.m2/repository/org/apache/hbase/hbase-hadoop2-compat/1.2.11/hbase-hadoop2-compat-1.2.11.jar:/home/hdadmin/.m2/repository/com/sun/jersey/jersey-core/1.9/jersey-core-1.9.jar:/home/hdadmin/.m2/repository/com/sun/jersey/jersey-server/1.9/jersey-server-1.9.jar:/home/hdadmin/.m2/repository/asm/asm/3.1/asm-3.1.jar:/home/hdadmin/.m2/repository/commons-cli/commons-cli/1.2/commons-cli-1.2.jar:/home/hdadmin/.m2/repository/org/apache/commons/commons-math/2.2/commons-math-2.2.jar:/home/hdadmin/.m2/repository/log4j/log4j/1.2.17/log4j-1.2.17.jar:/home/hdadmin/.m2/repository/org/mortbay/jetty/jetty/6.1.26/jetty-6.1.26.jar:/home/hdadmin/.m2/repository/org/mortbay/jetty/jetty-util/6.1.26/jetty-util-6.1.26.jar:/home/hdadmin/.m2/repository/org/mortbay/jetty/jetty-sslengine/6.1.26/jetty-sslengine-6.1.26.jar:/home/hdadmin/.m2/repository/org/mortbay/jetty/jsp-2.1/6.1.14/jsp-2.1-6.1.14.jar:/home/hdadmin/.m2/repository/org/mortbay/jetty/jsp-api-2.1/6.1.14/jsp-api-2.1-6.1.14.jar:/home/hdadmin/.m2/repository/org/mortbay/jetty/servlet-api-2.5/6.1.14/servlet-api-2.5-6.1.14.jar:/home/hdadmin/.m2/repository/org/codehaus/jackson/jackson-core-asl/1.9.13/jackson-core-asl-1.9.13.jar:/home/hdadmin/.m2/repository/org/codehaus/jackson/jackson-jaxrs/1.9.13/jackson-jaxrs-1.9.13.jar:/home/hdadmin/.m2/repository/tomcat/jasper-compiler/5.5.23/jasper-compiler-5.5.23.jar:/home/hdadmin/.m2/repository/tomcat/jasper-runtime/5.5.23/jasper-runtime-5.5.23.jar:/home/hdadmin/.m2/repository/org/jamon/jamon-runtime/2.4.1/jamon-runtime-2.4.1.jar:/home/hdadmin/.m2/repository/com/lmax/disruptor/3.3.0/disruptor-3.3.0.jar:/home/hdadmin/.m2/repository/org/apache/hadoop/hadoop-client/2.5.1/hadoop-client-2.5.1.jar:/home/hdadmin/.m2/repository/org/apache/hadoop/hadoop-mapreduce-client-app/2.5.1/hadoop-mapreduce-client-app-2.5.1.jar:/home/hdadmin/.m2/repository/org/apache/hadoop/hadoop-mapreduce-client-common/2.5.1/hadoop-mapreduce-client-common-2.5.1.jar:/home/hdadmin/.m2/repository/org/apache/hadoop/hadoop-yarn-client/2.5.1/hadoop-yarn-client-2.5.1.jar:/home/hdadmin/.m2/repository/com/sun/jersey/jersey-client/1.9/jersey-client-1.9.jar:/home/hdadmin/.m2/repository/org/apache/hadoop/hadoop-yarn-server-common/2.5.1/hadoop-yarn-server-common-2.5.1.jar:/home/hdadmin/.m2/repository/org/apache/hadoop/hadoop-mapreduce-client-shuffle/2.5.1/hadoop-mapreduce-client-shuffle-2.5.1.jar:/home/hdadmin/.m2/repository/org/fusesource/leveldbjni/leveldbjni-all/1.8/leveldbjni-all-1.8.jar:/home/hdadmin/.m2/repository/org/apache/hadoop/hadoop-yarn-api/2.5.1/hadoop-yarn-api-2.5.1.jar:/home/hdadmin/.m2/repository/org/apache/hadoop/hadoop-mapreduce-client-jobclient/2.5.1/hadoop-mapreduce-client-jobclient-2.5.1.jar:/home/hdadmin/.m2/repository/org/apache/hadoop/hadoop-hdfs/2.5.1/hadoop-hdfs-2.5.1.jar:/home/hdadmin/.m2/repository/commons-daemon/commons-daemon/1.0.13/commons-daemon-1.0.13.jar:"/>
    <property name="sun.cpu.endian" value="little"/>
    <property name="user.home" value="/home/hdadmin"/>
    <property name="user.language" value="en"/>
    <property name="java.specification.vendor" value="Oracle Corporation"/>
    <property name="java.home" value="/usr/lib/jvm/java-1.8.0-openjdk-1.8.0.191.b12-1.el7_6.x86_64/jre"/>
    <property name="basedir" value="/home/hdadmin/programming/hw/mapred-hbase"/>
    <property name="file.separator" value="/"/>
    <property name="line.separator" value="&#10;"/>
    <property name="java.vm.specification.vendor" value="Oracle Corporation"/>
    <property name="java.specification.name" value="Java Platform API Specification"/>
    <property name="java.awt.graphicsenv" value="sun.awt.X11GraphicsEnvironment"/>
    <property name="surefire.real.class.path" value="/home/hdadmin/programming/hw/mapred-hbase/target/surefire/surefirebooter1480103623907841808.jar"/>
    <property name="sun.boot.class.path" value="/usr/lib/jvm/java-1.8.0-openjdk-1.8.0.191.b12-1.el7_6.x86_64/jre/lib/resources.jar:/usr/lib/jvm/java-1.8.0-openjdk-1.8.0.191.b12-1.el7_6.x86_64/jre/lib/rt.jar:/usr/lib/jvm/java-1.8.0-openjdk-1.8.0.191.b12-1.el7_6.x86_64/jre/lib/sunrsasign.jar:/usr/lib/jvm/java-1.8.0-openjdk-1.8.0.191.b12-1.el7_6.x86_64/jre/lib/jsse.jar:/usr/lib/jvm/java-1.8.0-openjdk-1.8.0.191.b12-1.el7_6.x86_64/jre/lib/jce.jar:/usr/lib/jvm/java-1.8.0-openjdk-1.8.0.191.b12-1.el7_6.x86_64/jre/lib/charsets.jar:/usr/lib/jvm/java-1.8.0-openjdk-1.8.0.191.b12-1.el7_6.x86_64/jre/lib/jfr.jar:/usr/lib/jvm/java-1.8.0-openjdk-1.8.0.191.b12-1.el7_6.x86_64/jre/classes"/>
    <property name="sun.management.compiler" value="HotSpot 64-Bit Tiered Compilers"/>
    <property name="java.runtime.version" value="1.8.0_191-b12"/>
    <property name="user.name" value="hdadmin"/>
    <property name="path.separator" value=":"/>
    <property name="os.version" value="3.10.0-862.el7.x86_64"/>
    <property name="java.endorsed.dirs" value="/usr/lib/jvm/java-1.8.0-openjdk-1.8.0.191.b12-1.el7_6.x86_64/jre/lib/endorsed"/>
    <property name="java.runtime.name" value="OpenJDK Runtime Environment"/>
    <property name="file.encoding" value="UTF-8"/>
    <property name="java.vm.name" value="OpenJDK 64-Bit Server VM"/>
    <property name="localRepository" value="/home/hdadmin/.m2/repository"/>
    <property name="java.vendor.url.bug" value="http://bugreport.sun.com/bugreport/"/>
    <property name="java.io.tmpdir" value="/tmp"/>
    <property name="java.version" value="1.8.0_191"/>
    <property name="user.dir" value="/home/hdadmin/programming/hw/mapred-hbase"/>
    <property name="os.arch" value="amd64"/>
    <property name="java.vm.specification.name" value="Java Virtual Machine Specification"/>
    <property name="java.awt.printerjob" value="sun.print.PSPrinterJob"/>
    <property name="sun.os.patch.level" value="unknown"/>
    <property name="java.library.path" value="/usr/java/packages/lib/amd64:/usr/lib64:/lib64:/lib:/usr/lib"/>
    <property name="java.vm.info" value="mixed mode"/>
    <property name="java.vendor" value="Oracle Corporation"/>
    <property name="java.vm.version" value="25.191-b12"/>
    <property name="java.ext.dirs" value="/usr/lib/jvm/java-1.8.0-openjdk-1.8.0.191.b12-1.el7_6.x86_64/jre/lib/ext:/usr/java/packages/lib/ext"/>
    <property name="sun.io.unicode.encoding" value="UnicodeLittle"/>
    <property name="java.class.version" value="52.0"/>
  </properties>
  <testcase name="testLifeCycle" classname="edu.jhu.bdpuh.MovieItemTest" time="0.001"/>
</testsuite>